This is pdfTeX, Version 3.1415926-2.5-1.40.14 (TeX Live 2013) (format=pdflatex 2014.1.12)  7 DEC 2015 09:08
entering extended mode
 restricted \write18 enabled.
 %&-line parsing enabled.
**assignment.tex
(./assignment.tex
LaTeX2e <2011/06/27>
Babel <3.9f> and hyphenation patterns for 78 languages loaded.
(/usr/local/texlive/2013/texmf-dist/tex/latex/base/article.cls
Document Class: article 2007/10/19 v1.4h Standard LaTeX document class
(/usr/local/texlive/2013/texmf-dist/tex/latex/base/size10.clo
File: size10.clo 2007/10/19 v1.4h Standard LaTeX file (size option)
)
\c@part=\count79
\c@section=\count80
\c@subsection=\count81
\c@subsubsection=\count82
\c@paragraph=\count83
\c@subparagraph=\count84
\c@figure=\count85
\c@table=\count86
\abovecaptionskip=\skip41
\belowcaptionskip=\skip42
\bibindent=\dimen102
)
(/usr/local/texlive/2013/texmf-dist/tex/latex/base/inputenc.sty
Package: inputenc 2008/03/30 v1.1d Input encoding file
\inpenc@prehook=\toks14
\inpenc@posthook=\toks15

(/usr/local/texlive/2013/texmf-dist/tex/latex/base/utf8.def
File: utf8.def 2008/04/05 v1.1m UTF-8 support for inputenc
Now handling font encoding OML ...
... no UTF-8 mapping file for font encoding OML
Now handling font encoding T1 ...
... processing UTF-8 mapping file for font encoding T1

(/usr/local/texlive/2013/texmf-dist/tex/latex/base/t1enc.dfu
File: t1enc.dfu 2008/04/05 v1.1m UTF-8 support for inputenc
   defining Unicode char U+00A1 (decimal 161)
   defining Unicode char U+00A3 (decimal 163)
   defining Unicode char U+00AB (decimal 171)
   defining Unicode char U+00BB (decimal 187)
   defining Unicode char U+00BF (decimal 191)
   defining Unicode char U+00C0 (decimal 192)
   defining Unicode char U+00C1 (decimal 193)
   defining Unicode char U+00C2 (decimal 194)
   defining Unicode char U+00C3 (decimal 195)
   defining Unicode char U+00C4 (decimal 196)
   defining Unicode char U+00C5 (decimal 197)
   defining Unicode char U+00C6 (decimal 198)
   defining Unicode char U+00C7 (decimal 199)
   defining Unicode char U+00C8 (decimal 200)
   defining Unicode char U+00C9 (decimal 201)
   defining Unicode char U+00CA (decimal 202)
   defining Unicode char U+00CB (decimal 203)
   defining Unicode char U+00CC (decimal 204)
   defining Unicode char U+00CD (decimal 205)
   defining Unicode char U+00CE (decimal 206)
   defining Unicode char U+00CF (decimal 207)
   defining Unicode char U+00D0 (decimal 208)
   defining Unicode char U+00D1 (decimal 209)
   defining Unicode char U+00D2 (decimal 210)
   defining Unicode char U+00D3 (decimal 211)
   defining Unicode char U+00D4 (decimal 212)
   defining Unicode char U+00D5 (decimal 213)
   defining Unicode char U+00D6 (decimal 214)
   defining Unicode char U+00D8 (decimal 216)
   defining Unicode char U+00D9 (decimal 217)
   defining Unicode char U+00DA (decimal 218)
   defining Unicode char U+00DB (decimal 219)
   defining Unicode char U+00DC (decimal 220)
   defining Unicode char U+00DD (decimal 221)
   defining Unicode char U+00DE (decimal 222)
   defining Unicode char U+00DF (decimal 223)
   defining Unicode char U+00E0 (decimal 224)
   defining Unicode char U+00E1 (decimal 225)
   defining Unicode char U+00E2 (decimal 226)
   defining Unicode char U+00E3 (decimal 227)
   defining Unicode char U+00E4 (decimal 228)
   defining Unicode char U+00E5 (decimal 229)
   defining Unicode char U+00E6 (decimal 230)
   defining Unicode char U+00E7 (decimal 231)
   defining Unicode char U+00E8 (decimal 232)
   defining Unicode char U+00E9 (decimal 233)
   defining Unicode char U+00EA (decimal 234)
   defining Unicode char U+00EB (decimal 235)
   defining Unicode char U+00EC (decimal 236)
   defining Unicode char U+00ED (decimal 237)
   defining Unicode char U+00EE (decimal 238)
   defining Unicode char U+00EF (decimal 239)
   defining Unicode char U+00F0 (decimal 240)
   defining Unicode char U+00F1 (decimal 241)
   defining Unicode char U+00F2 (decimal 242)
   defining Unicode char U+00F3 (decimal 243)
   defining Unicode char U+00F4 (decimal 244)
   defining Unicode char U+00F5 (decimal 245)
   defining Unicode char U+00F6 (decimal 246)
   defining Unicode char U+00F8 (decimal 248)
   defining Unicode char U+00F9 (decimal 249)
   defining Unicode char U+00FA (decimal 250)
   defining Unicode char U+00FB (decimal 251)
   defining Unicode char U+00FC (decimal 252)
   defining Unicode char U+00FD (decimal 253)
   defining Unicode char U+00FE (decimal 254)
   defining Unicode char U+00FF (decimal 255)
   defining Unicode char U+0102 (decimal 258)
   defining Unicode char U+0103 (decimal 259)
   defining Unicode char U+0104 (decimal 260)
   defining Unicode char U+0105 (decimal 261)
   defining Unicode char U+0106 (decimal 262)
   defining Unicode char U+0107 (decimal 263)
   defining Unicode char U+010C (decimal 268)
   defining Unicode char U+010D (decimal 269)
   defining Unicode char U+010E (decimal 270)
   defining Unicode char U+010F (decimal 271)
   defining Unicode char U+0110 (decimal 272)
   defining Unicode char U+0111 (decimal 273)
   defining Unicode char U+0118 (decimal 280)
   defining Unicode char U+0119 (decimal 281)
   defining Unicode char U+011A (decimal 282)
   defining Unicode char U+011B (decimal 283)
   defining Unicode char U+011E (decimal 286)
   defining Unicode char U+011F (decimal 287)
   defining Unicode char U+0130 (decimal 304)
   defining Unicode char U+0131 (decimal 305)
   defining Unicode char U+0132 (decimal 306)
   defining Unicode char U+0133 (decimal 307)
   defining Unicode char U+0139 (decimal 313)
   defining Unicode char U+013A (decimal 314)
   defining Unicode char U+013D (decimal 317)
   defining Unicode char U+013E (decimal 318)
   defining Unicode char U+0141 (decimal 321)
   defining Unicode char U+0142 (decimal 322)
   defining Unicode char U+0143 (decimal 323)
   defining Unicode char U+0144 (decimal 324)
   defining Unicode char U+0147 (decimal 327)
   defining Unicode char U+0148 (decimal 328)
   defining Unicode char U+014A (decimal 330)
   defining Unicode char U+014B (decimal 331)
   defining Unicode char U+0150 (decimal 336)
   defining Unicode char U+0151 (decimal 337)
   defining Unicode char U+0152 (decimal 338)
   defining Unicode char U+0153 (decimal 339)
   defining Unicode char U+0154 (decimal 340)
   defining Unicode char U+0155 (decimal 341)
   defining Unicode char U+0158 (decimal 344)
   defining Unicode char U+0159 (decimal 345)
   defining Unicode char U+015A (decimal 346)
   defining Unicode char U+015B (decimal 347)
   defining Unicode char U+015E (decimal 350)
   defining Unicode char U+015F (decimal 351)
   defining Unicode char U+0160 (decimal 352)
   defining Unicode char U+0161 (decimal 353)
   defining Unicode char U+0162 (decimal 354)
   defining Unicode char U+0163 (decimal 355)
   defining Unicode char U+0164 (decimal 356)
   defining Unicode char U+0165 (decimal 357)
   defining Unicode char U+016E (decimal 366)
   defining Unicode char U+016F (decimal 367)
   defining Unicode char U+0170 (decimal 368)
   defining Unicode char U+0171 (decimal 369)
   defining Unicode char U+0178 (decimal 376)
   defining Unicode char U+0179 (decimal 377)
   defining Unicode char U+017A (decimal 378)
   defining Unicode char U+017B (decimal 379)
   defining Unicode char U+017C (decimal 380)
   defining Unicode char U+017D (decimal 381)
   defining Unicode char U+017E (decimal 382)
   defining Unicode char U+200C (decimal 8204)
   defining Unicode char U+2013 (decimal 8211)
   defining Unicode char U+2014 (decimal 8212)
   defining Unicode char U+2018 (decimal 8216)
   defining Unicode char U+2019 (decimal 8217)
   defining Unicode char U+201A (decimal 8218)
   defining Unicode char U+201C (decimal 8220)
   defining Unicode char U+201D (decimal 8221)
   defining Unicode char U+201E (decimal 8222)
   defining Unicode char U+2030 (decimal 8240)
   defining Unicode char U+2031 (decimal 8241)
   defining Unicode char U+2039 (decimal 8249)
   defining Unicode char U+203A (decimal 8250)
   defining Unicode char U+2423 (decimal 9251)
)
Now handling font encoding OT1 ...
... processing UTF-8 mapping file for font encoding OT1

(/usr/local/texlive/2013/texmf-dist/tex/latex/base/ot1enc.dfu
File: ot1enc.dfu 2008/04/05 v1.1m UTF-8 support for inputenc
   defining Unicode char U+00A1 (decimal 161)
   defining Unicode char U+00A3 (decimal 163)
   defining Unicode char U+00B8 (decimal 184)
   defining Unicode char U+00BF (decimal 191)
   defining Unicode char U+00C5 (decimal 197)
   defining Unicode char U+00C6 (decimal 198)
   defining Unicode char U+00D8 (decimal 216)
   defining Unicode char U+00DF (decimal 223)
   defining Unicode char U+00E6 (decimal 230)
   defining Unicode char U+00EC (decimal 236)
   defining Unicode char U+00ED (decimal 237)
   defining Unicode char U+00EE (decimal 238)
   defining Unicode char U+00EF (decimal 239)
   defining Unicode char U+00F8 (decimal 248)
   defining Unicode char U+0131 (decimal 305)
   defining Unicode char U+0141 (decimal 321)
   defining Unicode char U+0142 (decimal 322)
   defining Unicode char U+0152 (decimal 338)
   defining Unicode char U+0153 (decimal 339)
   defining Unicode char U+2013 (decimal 8211)
   defining Unicode char U+2014 (decimal 8212)
   defining Unicode char U+2018 (decimal 8216)
   defining Unicode char U+2019 (decimal 8217)
   defining Unicode char U+201C (decimal 8220)
   defining Unicode char U+201D (decimal 8221)
)
Now handling font encoding OMS ...
... processing UTF-8 mapping file for font encoding OMS

(/usr/local/texlive/2013/texmf-dist/tex/latex/base/omsenc.dfu
File: omsenc.dfu 2008/04/05 v1.1m UTF-8 support for inputenc
   defining Unicode char U+00A7 (decimal 167)
   defining Unicode char U+00B6 (decimal 182)
   defining Unicode char U+00B7 (decimal 183)
   defining Unicode char U+2020 (decimal 8224)
   defining Unicode char U+2021 (decimal 8225)
   defining Unicode char U+2022 (decimal 8226)
)
Now handling font encoding OMX ...
... no UTF-8 mapping file for font encoding OMX
Now handling font encoding U ...
... no UTF-8 mapping file for font encoding U
   defining Unicode char U+00A9 (decimal 169)
   defining Unicode char U+00AA (decimal 170)
   defining Unicode char U+00AE (decimal 174)
   defining Unicode char U+00BA (decimal 186)
   defining Unicode char U+02C6 (decimal 710)
   defining Unicode char U+02DC (decimal 732)
   defining Unicode char U+200C (decimal 8204)
   defining Unicode char U+2026 (decimal 8230)
   defining Unicode char U+2122 (decimal 8482)
   defining Unicode char U+2423 (decimal 9251)
))
(/usr/local/texlive/2013/texmf-dist/tex/latex/amsmath/amsmath.sty
Package: amsmath 2013/01/14 v2.14 AMS math features
\@mathmargin=\skip43

For additional information on amsmath, use the `?' option.
(/usr/local/texlive/2013/texmf-dist/tex/latex/amsmath/amstext.sty
Package: amstext 2000/06/29 v2.01

(/usr/local/texlive/2013/texmf-dist/tex/latex/amsmath/amsgen.sty
File: amsgen.sty 1999/11/30 v2.0
\@emptytoks=\toks16
\ex@=\dimen103
))
(/usr/local/texlive/2013/texmf-dist/tex/latex/amsmath/amsbsy.sty
Package: amsbsy 1999/11/29 v1.2d
\pmbraise@=\dimen104
)
(/usr/local/texlive/2013/texmf-dist/tex/latex/amsmath/amsopn.sty
Package: amsopn 1999/12/14 v2.01 operator names
)
\inf@bad=\count87
LaTeX Info: Redefining \frac on input line 210.
\uproot@=\count88
\leftroot@=\count89
LaTeX Info: Redefining \overline on input line 306.
\classnum@=\count90
\DOTSCASE@=\count91
LaTeX Info: Redefining \ldots on input line 378.
LaTeX Info: Redefining \dots on input line 381.
LaTeX Info: Redefining \cdots on input line 466.
\Mathstrutbox@=\box26
\strutbox@=\box27
\big@size=\dimen105
LaTeX Font Info:    Redeclaring font encoding OML on input line 566.
LaTeX Font Info:    Redeclaring font encoding OMS on input line 567.
\macc@depth=\count92
\c@MaxMatrixCols=\count93
\dotsspace@=\muskip10
\c@parentequation=\count94
\dspbrk@lvl=\count95
\tag@help=\toks17
\row@=\count96
\column@=\count97
\maxfields@=\count98
\andhelp@=\toks18
\eqnshift@=\dimen106
\alignsep@=\dimen107
\tagshift@=\dimen108
\tagwidth@=\dimen109
\totwidth@=\dimen110
\lineht@=\dimen111
\@envbody=\toks19
\multlinegap=\skip44
\multlinetaggap=\skip45
\mathdisplay@stack=\toks20
LaTeX Info: Redefining \[ on input line 2665.
LaTeX Info: Redefining \] on input line 2666.
)
(/usr/local/texlive/2013/texmf-dist/tex/latex/amsfonts/amsfonts.sty
Package: amsfonts 2013/01/14 v3.01 Basic AMSFonts support
\symAMSa=\mathgroup4
\symAMSb=\mathgroup5
LaTeX Font Info:    Overwriting math alphabet `\mathfrak' in version `bold'
(Font)                  U/euf/m/n --> U/euf/b/n on input line 106.
)
(/usr/local/texlive/2013/texmf-dist/tex/latex/amsfonts/amssymb.sty
Package: amssymb 2013/01/14 v3.01 AMS font symbols
)
(/usr/local/texlive/2013/texmf-dist/tex/latex/tools/multicol.sty
Package: multicol 2011/06/27 v1.7a multicolumn formatting (FMi)
\c@tracingmulticols=\count99
\mult@box=\box28
\multicol@leftmargin=\dimen112
\c@unbalance=\count100
\c@collectmore=\count101
\doublecol@number=\count102
\multicoltolerance=\count103
\multicolpretolerance=\count104
\full@width=\dimen113
\page@free=\dimen114
\premulticols=\dimen115
\postmulticols=\dimen116
\multicolsep=\skip46
\multicolbaselineskip=\skip47
\partial@page=\box29
\last@line=\box30
\mult@rightbox=\box31
\mult@grightbox=\box32
\mult@gfirstbox=\box33
\mult@firstbox=\box34
\@tempa=\box35
\@tempa=\box36
\@tempa=\box37
\@tempa=\box38
\@tempa=\box39
\@tempa=\box40
\@tempa=\box41
\@tempa=\box42
\@tempa=\box43
\@tempa=\box44
\@tempa=\box45
\@tempa=\box46
\@tempa=\box47
\@tempa=\box48
\@tempa=\box49
\@tempa=\box50
\@tempa=\box51
\c@columnbadness=\count105
\c@finalcolumnbadness=\count106
\last@try=\dimen117
\multicolovershoot=\dimen118
\multicolundershoot=\dimen119
\mult@nat@firstbox=\box52
\colbreak@box=\box53
\multicol@sort@counter=\count107
)
(/usr/local/texlive/2013/texmf-dist/tex/latex/graphics/graphicx.sty
Package: graphicx 1999/02/16 v1.0f Enhanced LaTeX Graphics (DPC,SPQR)

(/usr/local/texlive/2013/texmf-dist/tex/latex/graphics/keyval.sty
Package: keyval 1999/03/16 v1.13 key=value parser (DPC)
\KV@toks@=\toks21
)
(/usr/local/texlive/2013/texmf-dist/tex/latex/graphics/graphics.sty
Package: graphics 2009/02/05 v1.0o Standard LaTeX Graphics (DPC,SPQR)

(/usr/local/texlive/2013/texmf-dist/tex/latex/graphics/trig.sty
Package: trig 1999/03/16 v1.09 sin cos tan (DPC)
)
(/usr/local/texlive/2013/texmf-dist/tex/latex/latexconfig/graphics.cfg
File: graphics.cfg 2010/04/23 v1.9 graphics configuration of TeX Live
)
Package graphics Info: Driver file: pdftex.def on input line 91.

(/usr/local/texlive/2013/texmf-dist/tex/latex/pdftex-def/pdftex.def
File: pdftex.def 2011/05/27 v0.06d Graphics/color for pdfTeX

(/usr/local/texlive/2013/texmf-dist/tex/generic/oberdiek/infwarerr.sty
Package: infwarerr 2010/04/08 v1.3 Providing info/warning/error messages (HO)
)
(/usr/local/texlive/2013/texmf-dist/tex/generic/oberdiek/ltxcmds.sty
Package: ltxcmds 2011/11/09 v1.22 LaTeX kernel commands for general use (HO)
)
\Gread@gobject=\count108
))
\Gin@req@height=\dimen120
\Gin@req@width=\dimen121
)
(/usr/local/texlive/2013/texmf-dist/tex/latex/caption/caption.sty
Package: caption 2013/05/02 v3.3-89 Customizing captions (AR)

(/usr/local/texlive/2013/texmf-dist/tex/latex/caption/caption3.sty
Package: caption3 2013/05/02 v1.6-88 caption3 kernel (AR)
Package caption3 Info: TeX engine: e-TeX on input line 57.
\captionmargin=\dimen122
\captionmargin@=\dimen123
\captionwidth=\dimen124
\caption@tempdima=\dimen125
\caption@indent=\dimen126
\caption@parindent=\dimen127
\caption@hangindent=\dimen128
)
\c@ContinuedFloat=\count109
)
(/usr/local/texlive/2013/texmf-dist/tex/latex/caption/subcaption.sty
Package: subcaption 2013/02/03 v1.1-62 Sub-captions (AR)
\c@subfigure=\count110
\c@subtable=\count111
)
(/usr/local/texlive/2013/texmf-dist/tex/latex/mh/mathtools.sty
Package: mathtools 2013/02/12 v1.13 mathematical typesetting tools

(/usr/local/texlive/2013/texmf-dist/tex/latex/tools/calc.sty
Package: calc 2007/08/22 v4.3 Infix arithmetic (KKT,FJ)
\calc@Acount=\count112
\calc@Bcount=\count113
\calc@Adimen=\dimen129
\calc@Bdimen=\dimen130
\calc@Askip=\skip48
\calc@Bskip=\skip49
LaTeX Info: Redefining \setlength on input line 76.
LaTeX Info: Redefining \addtolength on input line 77.
\calc@Ccount=\count114
\calc@Cskip=\skip50
)
(/usr/local/texlive/2013/texmf-dist/tex/latex/mh/mhsetup.sty
Package: mhsetup 2010/01/21 v1.2a programming setup (MH)
)
LaTeX Info: Thecontrolsequence`\['isalreadyrobust on input line 129.
LaTeX Info: Thecontrolsequence`\]'isalreadyrobust on input line 129.
\g_MT_multlinerow_int=\count115
\l_MT_multwidth_dim=\dimen131
\origjot=\skip51
\l_MT_shortvdotswithinadjustabove_dim=\dimen132
\l_MT_shortvdotswithinadjustbelow_dim=\dimen133
\l_MT_above_intertext_sep=\dimen134
\l_MT_below_intertext_sep=\dimen135
\l_MT_above_shortintertext_sep=\dimen136
\l_MT_below_shortintertext_sep=\dimen137
)
(/usr/local/texlive/2013/texmf-dist/tex/latex/natbib/natbib.sty
Package: natbib 2010/09/13 8.31b (PWD, AO)
\bibhang=\skip52
\bibsep=\skip53
LaTeX Info: Redefining \cite on input line 694.
\c@NAT@ctr=\count116
)
(/usr/local/texlive/2013/texmf-dist/tex/latex/url/url.sty
\Urlmuskip=\muskip11
Package: url 2006/04/12  ver 3.3  Verb mode for urls, etc.
)
(/usr/local/texlive/2013/texmf-dist/tex/latex/float/float.sty
Package: float 2001/11/08 v1.3d Float enhancements (AL)
\c@float@type=\count117
\float@exts=\toks22
\float@box=\box54
\@float@everytoks=\toks23
\@floatcapt=\box55
)
(/usr/local/texlive/2013/texmf-dist/tex/latex/multirow/multirow.sty
\bigstrutjot=\dimen138
)
(/usr/local/texlive/2013/texmf-dist/tex/latex/geometry/geometry.sty
Package: geometry 2010/09/12 v5.6 Page Geometry

(/usr/local/texlive/2013/texmf-dist/tex/generic/oberdiek/ifpdf.sty
Package: ifpdf 2011/01/30 v2.3 Provides the ifpdf switch (HO)
Package ifpdf Info: pdfTeX in PDF mode is detected.
)
(/usr/local/texlive/2013/texmf-dist/tex/generic/oberdiek/ifvtex.sty
Package: ifvtex 2010/03/01 v1.5 Detect VTeX and its facilities (HO)
Package ifvtex Info: VTeX not detected.
)
(/usr/local/texlive/2013/texmf-dist/tex/generic/ifxetex/ifxetex.sty
Package: ifxetex 2010/09/12 v0.6 Provides ifxetex conditional
)
\Gm@cnth=\count118
\Gm@cntv=\count119
\c@Gm@tempcnt=\count120
\Gm@bindingoffset=\dimen139
\Gm@wd@mp=\dimen140
\Gm@odd@mp=\dimen141
\Gm@even@mp=\dimen142
\Gm@layoutwidth=\dimen143
\Gm@layoutheight=\dimen144
\Gm@layouthoffset=\dimen145
\Gm@layoutvoffset=\dimen146
\Gm@dimlist=\toks24
)
(./assignment.aux

LaTeX Warning: Label `fig:10citiesPathFalse' multiply defined.


LaTeX Warning: Label `sub@fig:10citiesPathFalse' multiply defined.


LaTeX Warning: Label `fig:cities15toursOM' multiply defined.


LaTeX Warning: Label `sub@fig:cities15toursOM' multiply defined.


LaTeX Warning: Label `fig:cities20toursOM' multiply defined.


LaTeX Warning: Label `sub@fig:cities20toursOM' multiply defined.

)
\openout1 = `assignment.aux'.

LaTeX Font Info:    Checking defaults for OML/cmm/m/it on input line 22.
LaTeX Font Info:    ... okay on input line 22.
LaTeX Font Info:    Checking defaults for T1/cmr/m/n on input line 22.
LaTeX Font Info:    ... okay on input line 22.
LaTeX Font Info:    Checking defaults for OT1/cmr/m/n on input line 22.
LaTeX Font Info:    ... okay on input line 22.
LaTeX Font Info:    Checking defaults for OMS/cmsy/m/n on input line 22.
LaTeX Font Info:    ... okay on input line 22.
LaTeX Font Info:    Checking defaults for OMX/cmex/m/n on input line 22.
LaTeX Font Info:    ... okay on input line 22.
LaTeX Font Info:    Checking defaults for U/cmr/m/n on input line 22.
LaTeX Font Info:    ... okay on input line 22.
 (/usr/local/texlive/2013/texmf-dist/tex/context/base/supp-pdf.mkii
[Loading MPS to PDF converter (version 2006.09.02).]
\scratchcounter=\count121
\scratchdimen=\dimen147
\scratchbox=\box56
\nofMPsegments=\count122
\nofMParguments=\count123
\everyMPshowfont=\toks25
\MPscratchCnt=\count124
\MPscratchDim=\dimen148
\MPnumerator=\count125
\makeMPintoPDFobject=\count126
\everyMPtoPDFconversion=\toks26
) (/usr/local/texlive/2013/texmf-dist/tex/generic/oberdiek/pdftexcmds.sty
Package: pdftexcmds 2011/11/29 v0.20 Utility functions of pdfTeX for LuaTeX (HO
)

(/usr/local/texlive/2013/texmf-dist/tex/generic/oberdiek/ifluatex.sty
Package: ifluatex 2010/03/01 v1.3 Provides the ifluatex switch (HO)
Package ifluatex Info: LuaTeX not detected.
)
Package pdftexcmds Info: LuaTeX not detected.
Package pdftexcmds Info: \pdf@primitive is available.
Package pdftexcmds Info: \pdf@ifprimitive is available.
Package pdftexcmds Info: \pdfdraftmode found.
)
(/usr/local/texlive/2013/texmf-dist/tex/latex/oberdiek/epstopdf-base.sty
Package: epstopdf-base 2010/02/09 v2.5 Base part for package epstopdf

(/usr/local/texlive/2013/texmf-dist/tex/latex/oberdiek/grfext.sty
Package: grfext 2010/08/19 v1.1 Manage graphics extensions (HO)

(/usr/local/texlive/2013/texmf-dist/tex/generic/oberdiek/kvdefinekeys.sty
Package: kvdefinekeys 2011/04/07 v1.3 Define keys (HO)
))
(/usr/local/texlive/2013/texmf-dist/tex/latex/oberdiek/kvoptions.sty
Package: kvoptions 2011/06/30 v3.11 Key value format for package options (HO)

(/usr/local/texlive/2013/texmf-dist/tex/generic/oberdiek/kvsetkeys.sty
Package: kvsetkeys 2012/04/25 v1.16 Key value parser (HO)

(/usr/local/texlive/2013/texmf-dist/tex/generic/oberdiek/etexcmds.sty
Package: etexcmds 2011/02/16 v1.5 Avoid name clashes with e-TeX commands (HO)
Package etexcmds Info: Could not find \expanded.
(etexcmds)             That can mean that you are not using pdfTeX 1.50 or
(etexcmds)             that some package has redefined \expanded.
(etexcmds)             In the latter case, load this package earlier.
)))
Package grfext Info: Graphics extension search list:
(grfext)             [.png,.pdf,.jpg,.mps,.jpeg,.jbig2,.jb2,.PNG,.PDF,.JPG,.JPE
G,.JBIG2,.JB2,.eps]
(grfext)             \AppendGraphicsExtensions on input line 452.

(/usr/local/texlive/2013/texmf-dist/tex/latex/latexconfig/epstopdf-sys.cfg
File: epstopdf-sys.cfg 2010/07/13 v1.3 Configuration of (r)epstopdf for TeX Liv
e
))
Package caption Info: Begin \AtBeginDocument code.
Package caption Info: float package is loaded.
Package caption Info: End \AtBeginDocument code.

*geometry* driver: auto-detecting
*geometry* detected driver: pdftex
*geometry* verbose mode - [ preamble ] result:
* driver: pdftex
* paper: a4paper
* layout: <same size as paper>
* layoutoffset:(h,v)=(0.0pt,0.0pt)
* modes: 
* h-part:(L,W,R)=(42.67912pt, 512.14963pt, 42.67912pt)
* v-part:(T,H,B)=(42.67912pt, 759.6886pt, 42.67912pt)
* \paperwidth=597.50787pt
* \paperheight=845.04684pt
* \textwidth=512.14963pt
* \textheight=759.6886pt
* \oddsidemargin=-29.59087pt
* \evensidemargin=-29.59087pt
* \topmargin=-66.59087pt
* \headheight=12.0pt
* \headsep=25.0pt
* \topskip=10.0pt
* \footskip=30.0pt
* \marginparwidth=57.0pt
* \marginparsep=11.0pt
* \columnsep=10.0pt
* \skip\footins=9.0pt plus 4.0pt minus 2.0pt
* \hoffset=0.0pt
* \voffset=0.0pt
* \mag=1000
* \@twocolumnfalse
* \@twosidefalse
* \@mparswitchfalse
* \@reversemarginfalse
* (1in=72.27pt=25.4mm, 1cm=28.453pt)

LaTeX Font Info:    Try loading font information for U+msa on input line 24.
(/usr/local/texlive/2013/texmf-dist/tex/latex/amsfonts/umsa.fd
File: umsa.fd 2013/01/14 v3.01 AMS symbols A
)
LaTeX Font Info:    Try loading font information for U+msb on input line 24.

(/usr/local/texlive/2013/texmf-dist/tex/latex/amsfonts/umsb.fd
File: umsb.fd 2013/01/14 v3.01 AMS symbols B
)
Underfull \hbox (badness 10000) in paragraph at lines 30--31

 []


Underfull \hbox (badness 10000) in paragraph at lines 32--33

 []


Underfull \hbox (badness 10000) in paragraph at lines 34--35

 []


Underfull \hbox (badness 10000) in paragraph at lines 36--37

 []


Underfull \hbox (badness 10000) in paragraph at lines 39--40

 []


Underfull \hbox (badness 10000) in paragraph at lines 42--43

 []


Underfull \hbox (badness 10000) in paragraph at lines 50--51

 []

<images/classDiagram.png, id=1, 289.5618pt x 166.221pt>
File: images/classDiagram.png Graphic file (type png)

<use images/classDiagram.png>
Package pdftex.def Info: images/classDiagram.png used on input line 54.
(pdftex.def)             Requested size: 231.64973pt x 132.97696pt.

Underfull \hbox (badness 10000) in paragraph at lines 60--61

 []


Underfull \hbox (badness 10000) in paragraph at lines 62--63

 []

[1

{/usr/local/texlive/2013/texmf-var/fonts/map/pdftex/updmap/pdftex.map} <./image
s/classDiagram.png>]
Underfull \hbox (badness 10000) in paragraph at lines 69--70

 []


Underfull \hbox (badness 10000) in paragraph at lines 71--72

 []


Underfull \hbox (badness 10000) in paragraph at lines 75--76

 []


Underfull \hbox (badness 10000) in paragraph at lines 77--78

 []


Underfull \hbox (badness 10000) in paragraph at lines 81--82

 []


Underfull \hbox (badness 10000) in paragraph at lines 83--84

 []

<images/makeBinary.png, id=11, 482.80376pt x 256.96pt>
File: images/makeBinary.png Graphic file (type png)

<use images/makeBinary.png>
Package pdftex.def Info: images/makeBinary.png used on input line 87.
(pdftex.def)             Requested size: 241.40129pt x 128.47968pt.

<images/makeOrderedList.png, id=13, 517.935pt x 259.97125pt>
File: images/makeOrderedList.png Graphic file (type png)

<use images/makeOrderedList.png>
Package pdftex.def Info: images/makeOrderedList.png used on input line 95.
(pdftex.def)             Requested size: 258.96686pt x 129.9853pt.

Overfull \hbox (7.89204pt too wide) in paragraph at lines 95--96
 [] 
 []


Underfull \hbox (badness 10000) in paragraph at lines 118--119

 []


Underfull \hbox (badness 10000) in paragraph at lines 128--129

 []

LaTeX Font Info:    Try loading font information for OMS+cmr on input line 132.

(/usr/local/texlive/2013/texmf-dist/tex/latex/base/omscmr.fd
File: omscmr.fd 1999/05/25 v2.5h Standard LaTeX font definitions
)
LaTeX Font Info:    Font shape `OMS/cmr/m/n' in size <10> not available
(Font)              Font shape `OMS/cmsy/m/n' tried instead on input line 132.
 [2 <./images/makeBinary.png> <./images/makeOrderedList.png>]
Underfull \hbox (badness 10000) in paragraph at lines 148--149

 []


Underfull \hbox (badness 10000) in paragraph at lines 150--151

 []


Underfull \hbox (badness 10000) in paragraph at lines 152--153

 []


Underfull \hbox (badness 10000) in paragraph at lines 154--155

 []


Underfull \hbox (badness 10000) in paragraph at lines 156--157

 []


Underfull \hbox (badness 10000) in paragraph at lines 176--177

 []


Underfull \hbox (badness 10000) in paragraph at lines 183--184

 []


Underfull \hbox (badness 10000) in paragraph at lines 192--193

 []

<images/binaryCrossover.png, id=23, 112.42pt x 73.27374pt>
File: images/binaryCrossover.png Graphic file (type png)

<use images/binaryCrossover.png>
Package pdftex.def Info: images/binaryCrossover.png used on input line 198.
(pdftex.def)             Requested size: 67.45251pt x 43.96457pt.

Underfull \hbox (badness 10000) in paragraph at lines 205--206

 []


Underfull \hbox (badness 10000) in paragraph at lines 207--208

 []

<images/orderCrossover.png, id=24, 99.37125pt x 114.4275pt>
File: images/orderCrossover.png Graphic file (type png)

<use images/orderCrossover.png>
Package pdftex.def Info: images/orderCrossover.png used on input line 211.
(pdftex.def)             Requested size: 59.6232pt x 68.65701pt.

Underfull \hbox (badness 10000) in paragraph at lines 219--220

 []

[3 <./images/binaryCrossover.png>]
Underfull \hbox (badness 10000) in paragraph at lines 221--222

 []


Underfull \hbox (badness 10000) in paragraph at lines 223--224

 []


Underfull \hbox (badness 10000) in paragraph at lines 225--226

 []


Underfull \hbox (badness 10000) in paragraph at lines 228--229

 []


Underfull \hbox (badness 10000) in paragraph at lines 230--231

 []


Underfull \hbox (badness 10000) in paragraph at lines 232--233

 []


Underfull \hbox (badness 10000) in paragraph at lines 243--244

 []


Underfull \hbox (badness 10000) in paragraph at lines 245--246

 []


Underfull \hbox (badness 10000) in paragraph at lines 263--264

 []


Underfull \hbox (badness 10000) in paragraph at lines 265--266

 []


Underfull \hbox (badness 10000) in paragraph at lines 295--296

 []

[4 <./images/orderCrossover.png>]
Underfull \hbox (badness 10000) in paragraph at lines 297--298

 []


Underfull \hbox (badness 10000) in paragraph at lines 299--300

 []


Underfull \hbox (badness 10000) in paragraph at lines 334--335

 []


Underfull \hbox (badness 10000) in paragraph at lines 336--337

 []


Underfull \hbox (badness 10000) in paragraph at lines 338--339

 []

<images/result1/Binaryfalse2.png, id=33, 189.70876pt x 172.645pt>
File: images/result1/Binaryfalse2.png Graphic file (type png)

<use images/result1/Binaryfalse2.png>
Package pdftex.def Info: images/result1/Binaryfalse2.png used on input line 360
.
(pdftex.def)             Requested size: 76.8193pt x 69.9103pt.

<images/result1/Pathfalse4.png, id=34, 182.6825pt x 169.63374pt>
File: images/result1/Pathfalse4.png Graphic file (type png)

<use images/result1/Pathfalse4.png>
Package pdftex.def Info: images/result1/Pathfalse4.png used on input line 365.
(pdftex.def)             Requested size: 76.8193pt x 71.33109pt.

<images/result1/Pathtrue7.png, id=35, 189.70876pt x 170.6375pt>
File: images/result1/Pathtrue7.png Graphic file (type png)

<use images/result1/Pathtrue7.png>
Package pdftex.def Info: images/result1/Pathtrue7.png used on input line 370.
(pdftex.def)             Requested size: 76.8193pt x 69.09738pt.

<images/result1/GraphBinaryfalse2.png, id=36, 568.45209pt x 447.64253pt>
File: images/result1/GraphBinaryfalse2.png Graphic file (type png)

<use images/result1/GraphBinaryfalse2.png>
Package pdftex.def Info: images/result1/GraphBinaryfalse2.png used on input lin
e 384.
(pdftex.def)             Requested size: 230.46576pt x 181.48547pt.

<images/result1/GraphBinarytrue1.png, id=37, 571.68806pt x 448.72119pt>
File: images/result1/GraphBinarytrue1.png Graphic file (type png)

<use images/result1/GraphBinarytrue1.png>
Package pdftex.def Info: images/result1/GraphBinarytrue1.png used on input line
 392.
(pdftex.def)             Requested size: 230.46576pt x 180.89575pt.
 [5 <./images/result1/Binaryfalse2.png> <./images/result1/Pathfalse4.png> <./im
ages/result1/Pathtrue7.png> <./images/result1/GraphBinaryfalse2.png>]
<images/result1/GraphPathfalse4.png, id=46, 570.6094pt x 448.72119pt>
File: images/result1/GraphPathfalse4.png Graphic file (type png)

<use images/result1/GraphPathfalse4.png>
Package pdftex.def Info: images/result1/GraphPathfalse4.png used on input line 
401.
(pdftex.def)             Requested size: 230.46576pt x 181.2381pt.

<images/result1/GraphPathtrue7.png, id=47, 568.45209pt x 447.64253pt>
File: images/result1/GraphPathtrue7.png Graphic file (type png)

<use images/result1/GraphPathtrue7.png>
Package pdftex.def Info: images/result1/GraphPathtrue7.png used on input line 4
09.
(pdftex.def)             Requested size: 230.46576pt x 181.48547pt.

Underfull \hbox (badness 10000) in paragraph at lines 415--416

 []


Underfull \hbox (badness 10000) in paragraph at lines 417--418

 []


Underfull \hbox (badness 10000) in paragraph at lines 420--421

 []

<images/result2/Binaryfalse6.png, id=48, 202.7575pt x 180.675pt>
File: images/result2/Binaryfalse6.png Graphic file (type png)

<use images/result2/Binaryfalse6.png>
Package pdftex.def Info: images/result2/Binaryfalse6.png used on input line 428
.
(pdftex.def)             Requested size: 59.00046pt x 52.5736pt.

<images/result2/Binarytrue0.png, id=49, 205.76875pt x 182.6825pt>
File: images/result2/Binarytrue0.png Graphic file (type png)

<use images/result2/Binarytrue0.png>
Package pdftex.def Info: images/result2/Binarytrue0.png used on input line 429.

(pdftex.def)             Requested size: 59.00046pt x 52.38004pt.

<images/result2/Pathfalse2.png, id=50, 203.76125pt x 176.66pt>
File: images/result2/Pathfalse2.png Graphic file (type png)

<use images/result2/Pathfalse2.png>
Package pdftex.def Info: images/result2/Pathfalse2.png used on input line 437.
(pdftex.def)             Requested size: 59.00046pt x 51.1519pt.

<images/result2/Pathtrue6.png, id=51, 204.765pt x 181.67876pt>
File: images/result2/Pathtrue6.png Graphic file (type png)

<use images/result2/Pathtrue6.png>
Package pdftex.def Info: images/result2/Pathtrue6.png used on input line 438.
(pdftex.def)             Requested size: 59.00046pt x 52.34727pt.

Underfull \hbox (badness 10000) in paragraph at lines 449--450

 []

<images/result2/GraphBinaryfalse6.png, id=52, 647.19403pt x 485.39552pt>
File: images/result2/GraphBinaryfalse6.png Graphic file (type png)

<use images/result2/GraphBinaryfalse6.png>
Package pdftex.def Info: images/result2/GraphBinaryfalse6.png used on input lin
e 469.
(pdftex.def)             Requested size: 230.46576pt x 172.84618pt.

<images/result2/GraphBinarytrue0.png, id=53, 568.45209pt x 446.56387pt>
File: images/result2/GraphBinarytrue0.png Graphic file (type png)

<use images/result2/GraphBinarytrue0.png>
Package pdftex.def Info: images/result2/GraphBinarytrue0.png used on input line
 477.
(pdftex.def)             Requested size: 230.46576pt x 181.04816pt.
 [6 <./images/result1/GraphBinarytrue1.png> <./images/result1/GraphPathfalse4.p
ng> <./images/result1/GraphPathtrue7.png> <./images/result2/Binaryfalse6.png> <
./images/result2/Binarytrue0.png> <./images/result2/Pathfalse2.png> <./images/r
esult2/Pathtrue6.png> <./images/result2/GraphBinaryfalse6.png>]
<images/result2/GraphPathfalse2.png, id=66, 568.45209pt x 444.40657pt>
File: images/result2/GraphPathfalse2.png Graphic file (type png)

<use images/result2/GraphPathfalse2.png>
Package pdftex.def Info: images/result2/GraphPathfalse2.png used on input line 
486.
(pdftex.def)             Requested size: 230.46576pt x 180.17354pt.

<images/result2/GraphPathtrue6.png, id=67, 566.29477pt x 447.64253pt>
File: images/result2/GraphPathtrue6.png Graphic file (type png)

<use images/result2/GraphPathtrue6.png>
Package pdftex.def Info: images/result2/GraphPathtrue6.png used on input line 4
94.
(pdftex.def)             Requested size: 230.46576pt x 182.17535pt.

Underfull \hbox (badness 10000) in paragraph at lines 500--501

 []


Underfull \hbox (badness 10000) in paragraph at lines 502--503

 []


Underfull \hbox (badness 10000) in paragraph at lines 504--505

 []


Underfull \hbox (badness 10000) in paragraph at lines 506--507

 []

<images/result3/Binaryfalse0.png, id=68, 207.77625pt x 200.75pt>
File: images/result3/Binaryfalse0.png Graphic file (type png)

<use images/result3/Binaryfalse0.png>
Package pdftex.def Info: images/result3/Binaryfalse0.png used on input line 513
.
(pdftex.def)             Requested size: 56.53975pt x 54.62593pt.

<images/result3/Binaryfalse7.png, id=69, 203.76125pt x 199.74625pt>
File: images/result3/Binaryfalse7.png Graphic file (type png)

<use images/result3/Binaryfalse7.png>
Package pdftex.def Info: images/result3/Binaryfalse7.png used on input line 514
.
(pdftex.def)             Requested size: 56.53975pt x 55.42566pt.

<images/result3/Binarytrue0.png, id=70, 200.75pt x 199.74625pt>
File: images/result3/Binarytrue0.png Graphic file (type png)

<use images/result3/Binarytrue0.png>
Package pdftex.def Info: images/result3/Binarytrue0.png used on input line 519.

(pdftex.def)             Requested size: 56.53975pt x 56.25774pt.

<images/result3/Binarytrue6.png, id=71, 202.7575pt x 198.7425pt>
File: images/result3/Binarytrue6.png Graphic file (type png)

<use images/result3/Binarytrue6.png>
Package pdftex.def Info: images/result3/Binarytrue6.png used on input line 520.

(pdftex.def)             Requested size: 56.53975pt x 55.42007pt.

<images/result3/Pathfalse2.png, id=72, 203.76125pt x 197.73875pt>
File: images/result3/Pathfalse2.png Graphic file (type png)

<use images/result3/Pathfalse2.png>
Package pdftex.def Info: images/result3/Pathfalse2.png used on input line 535.
(pdftex.def)             Requested size: 56.53975pt x 54.86862pt.

<images/result3/Pathfalse9.png, id=73, 202.7575pt x 196.735pt>
File: images/result3/Pathfalse9.png Graphic file (type png)

<use images/result3/Pathfalse9.png>
Package pdftex.def Info: images/result3/Pathfalse9.png used on input line 536.
(pdftex.def)             Requested size: 56.53975pt x 54.86026pt.

<images/result3/Pathtrue2.png, id=74, 201.75375pt x 195.73125pt>
File: images/result3/Pathtrue2.png Graphic file (type png)

<use images/result3/Pathtrue2.png>
Package pdftex.def Info: images/result3/Pathtrue2.png used on input line 541.
(pdftex.def)             Requested size: 56.53975pt x 54.85216pt.

<images/result3/Pathtrue4.png, id=75, 200.75pt x 198.7425pt>
File: images/result3/Pathtrue4.png Graphic file (type png)

<use images/result3/Pathtrue4.png>
Package pdftex.def Info: images/result3/Pathtrue4.png used on input line 542.
(pdftex.def)             Requested size: 56.53975pt x 55.97502pt.

Underfull \hbox (badness 10000) in paragraph at lines 551--552

 []


Underfull \hbox (badness 10000) in paragraph at lines 569--570

 []


Underfull \hbox (badness 10000) in paragraph at lines 571--572

 []

[7 <./images/result2/GraphBinarytrue0.png> <./images/result2/GraphPathfalse2.pn
g> <./images/result2/GraphPathtrue6.png> <./images/result3/Binaryfalse0.png> <.
/images/result3/Binaryfalse7.png> <./images/result3/Binarytrue0.png> <./images/
result3/Binarytrue6.png> <./images/result3/Pathfalse2.png> <./images/result3/Pa
thfalse9.png> <./images/result3/Pathtrue2.png> <./images/result3/Pathtrue4.png>
]
Underfull \hbox (badness 10000) in paragraph at lines 573--574

 []


Underfull \hbox (badness 10000) in paragraph at lines 591--592

 []


Underfull \hbox (badness 10000) in paragraph at lines 594--595

 []

<images/result4/Binaryfalse0.png, id=91, 203.76125pt x 182.6825pt>
File: images/result4/Binaryfalse0.png Graphic file (type png)

<use images/result4/Binaryfalse0.png>
Package pdftex.def Info: images/result4/Binaryfalse0.png used on input line 603
.
(pdftex.def)             Requested size: 59.00046pt x 52.89572pt.

<images/result4/Binarytrue2.png, id=92, 203.76125pt x 184.69pt>
File: images/result4/Binarytrue2.png Graphic file (type png)

<use images/result4/Binarytrue2.png>
Package pdftex.def Info: images/result4/Binarytrue2.png used on input line 604.

(pdftex.def)             Requested size: 59.00046pt x 53.47699pt.

<images/result4/Pathfalse3.png, id=93, 199.74625pt x 181.67876pt>
File: images/result4/Pathfalse3.png Graphic file (type png)

<use images/result4/Pathfalse3.png>
Package pdftex.def Info: images/result4/Pathfalse3.png used on input line 612.
(pdftex.def)             Requested size: 59.00046pt x 53.66406pt.

<images/result4/Pathtrue9.png, id=94, 202.7575pt x 182.6825pt>
File: images/result4/Pathtrue9.png Graphic file (type png)

<use images/result4/Pathtrue9.png>
Package pdftex.def Info: images/result4/Pathtrue9.png used on input line 613.
(pdftex.def)             Requested size: 59.00046pt x 53.15775pt.

Underfull \hbox (badness 10000) in paragraph at lines 624--625

 []

<images/result4/GraphBinaryfalse0.png, id=95, 569.53075pt x 445.48523pt>
File: images/result4/GraphBinaryfalse0.png Graphic file (type png)

<use images/result4/GraphBinaryfalse0.png>
Package pdftex.def Info: images/result4/GraphBinaryfalse0.png used on input lin
e 628.
(pdftex.def)             Requested size: 227.80826pt x 178.19093pt.

<images/result4/GraphBinarytrue2.png, id=96, 571.68806pt x 446.56387pt>
File: images/result4/GraphBinarytrue2.png Graphic file (type png)

<use images/result4/GraphBinarytrue2.png>
Package pdftex.def Info: images/result4/GraphBinarytrue2.png used on input line
 636.
(pdftex.def)             Requested size: 228.67117pt x 178.62238pt.

<images/result4/GraphPathfalse3.png, id=97, 567.37343pt x 445.48523pt>
File: images/result4/GraphPathfalse3.png Graphic file (type png)

<use images/result4/GraphPathfalse3.png>
Package pdftex.def Info: images/result4/GraphPathfalse3.png used on input line 
645.
(pdftex.def)             Requested size: 226.94534pt x 178.19093pt.

<images/result4/GraphPathtrue9.png, id=98, 566.29477pt x 445.48523pt>
File: images/result4/GraphPathtrue9.png Graphic file (type png)

<use images/result4/GraphPathtrue9.png>
Package pdftex.def Info: images/result4/GraphPathtrue9.png used on input line 6
53.
(pdftex.def)             Requested size: 226.51389pt x 178.19093pt.
 [8 <./images/result4/Binaryfalse0.png> <./images/result4/Binarytrue2.png> <./i
mages/result4/Pathfalse3.png> <./images/result4/Pathtrue9.png> <./images/result
4/GraphBinaryfalse0.png> <./images/result4/GraphBinarytrue2.png> <./images/resu
lt4/GraphPathfalse3.png>]
Underfull \hbox (badness 10000) in paragraph at lines 659--660

 []


Underfull \hbox (badness 10000) in paragraph at lines 664--665

 []


Underfull \hbox (badness 10000) in paragraph at lines 666--667

 []


Underfull \hbox (badness 10000) in paragraph at lines 668--669

 []


Underfull \hbox (badness 10000) in paragraph at lines 673--674

 []


Underfull \hbox (badness 10000) in paragraph at lines 678--679

 []


Underfull \hbox (badness 10000) in paragraph at lines 680--681

 []


Underfull \hbox (badness 10000) in paragraph at lines 682--683

 []


Underfull \hbox (badness 10000) in paragraph at lines 688--689

 []


Underfull \hbox (badness 10000) in paragraph at lines 690--691

 []

[9 <./images/result4/GraphPathtrue9.png>] (./assignment.bbl [10]) [11]
(./assignment.aux)

LaTeX Warning: There were multiply-defined labels.

 ) 
Here is how much of TeX's memory you used:
 5590 strings out of 493315
 85691 string characters out of 6137904
 166064 words of memory out of 5000000
 8905 multiletter control sequences out of 15000+600000
 12316 words of font info for 48 fonts, out of 8000000 for 9000
 957 hyphenation exceptions out of 8191
 38i,15n,38p,641b,703s stack positions out of 5000i,500n,10000p,200000b,80000s
</usr/local/texlive/2013/texmf-dist/fonts/type1/public/amsfonts/cm/cmbx10.pfb
></usr/local/texlive/2013/texmf-dist/fonts/type1/public/amsfonts/cm/cmbx12.pfb>
</usr/local/texlive/2013/texmf-dist/fonts/type1/public/amsfonts/cm/cmmi10.pfb><
/usr/local/texlive/2013/texmf-dist/fonts/type1/public/amsfonts/cm/cmr10.pfb></u
sr/local/texlive/2013/texmf-dist/fonts/type1/public/amsfonts/cm/cmr12.pfb></usr
/local/texlive/2013/texmf-dist/fonts/type1/public/amsfonts/cm/cmr17.pfb></usr/l
ocal/texlive/2013/texmf-dist/fonts/type1/public/amsfonts/cm/cmr7.pfb></usr/loca
l/texlive/2013/texmf-dist/fonts/type1/public/amsfonts/cm/cmr8.pfb></usr/local/t
exlive/2013/texmf-dist/fonts/type1/public/amsfonts/cm/cmr9.pfb></usr/local/texl
ive/2013/texmf-dist/fonts/type1/public/amsfonts/cm/cmsy10.pfb></usr/local/texli
ve/2013/texmf-dist/fonts/type1/public/amsfonts/cm/cmti10.pfb></usr/local/texliv
e/2013/texmf-dist/fonts/type1/public/amsfonts/cm/cmtt10.pfb>
Output written on assignment.pdf (11 pages, 1216291 bytes).
PDF statistics:
 159 PDF objects out of 1000 (max. 8388607)
 63 compressed objects within 1 object stream
 0 named destinations out of 1000 (max. 500000)
 181 words of extra memory for PDF output out of 10000 (max. 10000000)

